<?xml version="1.0" encoding="UTF-8"?>
<testsuite xmlns:xsi="http://www.w3.org/2001/XMLSchema-instance" xsi:noNamespaceSchemaLocation="https://maven.apache.org/surefire/maven-surefire-plugin/xsd/surefire-test-report-3.0.xsd" version="3.0" name="models.WalletTest" time="0.007" tests="14" errors="0" skipped="0" failures="0">
  <properties>
[...]
</properties>
  <testcase name="testChangeCategoryName" classname="models.WalletTest" time="0.001"/>
  <testcase name="testGetSummary" classname="models.WalletTest" time="0.001"/>
  <testcase name="testMakeExpenseTransactionInsufficientBalance" classname="models.WalletTest" time="0.001"/>
  <testcase name="testMakeIncomeTransaction" classname="models.WalletTest" time="0.0"/>
  <testcase name="testMakeExpenseTransaction" classname="models.WalletTest" time="0.0"/>
  <testcase name="testReceiveMoney" classname="models.WalletTest" time="0.0"/>
  <testcase name="testAddDuplicateCategory" classname="models.WalletTest" time="0.0"/>
  <testcase name="testGetMoneyToSendInsufficientBalance" classname="models.WalletTest" time="0.001"/>
  <testcase name="testWalletCreation" classname="models.WalletTest" time="0.0"/>
  <testcase name="testChangeCategoryBudget" classname="models.WalletTest" time="0.0"/>
  <testcase name="testGetMoneyToSend" classname="models.WalletTest" time="0.0"/>
  <testcase name="testAddIncomeCategory" classname="models.WalletTest" time="0.0"/>
  <testcase name="testChangeCategoryBudgetNonExistent" classname="models.WalletTest" time="0.001"/>
  <testcase name="testAddExpenseCategory" classname="models.WalletTest" time="0.0"/>
</testsuite>